c:\users\letic\desktop\utfpr\utfpr - 2022.2\técnicas de programação\jogo\jogotecprog\debug\vc142.pdb
c:\users\letic\desktop\utfpr\utfpr - 2022.2\técnicas de programação\jogo\jogotecprog\debug\vc142.idb
c:\users\bruno\onedrive\documents\github\jogotecnicasprogramacao\jogotecnicasprogramacao\debug\vc142.pdb
c:\users\bruno\onedrive\documents\github\jogotecnicasprogramacao\jogotecnicasprogramacao\debug\vc142.idb
c:\users\bruno\onedrive\documents\github\jogotecnicasprogramacao\jogotecnicasprogramacao\debug\personagem.obj
c:\users\bruno\onedrive\documents\github\jogotecnicasprogramacao\jogotecnicasprogramacao\debug\obstaculo.obj
c:\users\bruno\onedrive\documents\github\jogotecnicasprogramacao\jogotecnicasprogramacao\debug\menu.obj
c:\users\bruno\onedrive\documents\github\jogotecnicasprogramacao\jogotecnicasprogramacao\debug\listaentidades.obj
c:\users\bruno\onedrive\documents\github\jogotecnicasprogramacao\jogotecnicasprogramacao\debug\lista.obj
c:\users\bruno\onedrive\documents\github\jogotecnicasprogramacao\jogotecnicasprogramacao\debug\jogotecprog.obj
c:\users\bruno\onedrive\documents\github\jogotecnicasprogramacao\jogotecnicasprogramacao\debug\jogo.obj
c:\users\bruno\onedrive\documents\github\jogotecnicasprogramacao\jogotecnicasprogramacao\debug\jogador.obj
c:\users\bruno\onedrive\documents\github\jogotecnicasprogramacao\jogotecnicasprogramacao\debug\inimigo.obj
c:\users\bruno\onedrive\documents\github\jogotecnicasprogramacao\jogotecnicasprogramacao\debug\gerentegrafico.obj
c:\users\bruno\onedrive\documents\github\jogotecnicasprogramacao\jogotecnicasprogramacao\debug\gerentecolisoes.obj
c:\users\bruno\onedrive\documents\github\jogotecnicasprogramacao\jogotecnicasprogramacao\debug\fase_segunda.obj
c:\users\bruno\onedrive\documents\github\jogotecnicasprogramacao\jogotecnicasprogramacao\debug\fase_primeira.obj
c:\users\bruno\onedrive\documents\github\jogotecnicasprogramacao\jogotecnicasprogramacao\debug\fase.obj
c:\users\bruno\onedrive\documents\github\jogotecnicasprogramacao\jogotecnicasprogramacao\debug\espinhos.obj
c:\users\bruno\onedrive\documents\github\jogotecnicasprogramacao\jogotecnicasprogramacao\debug\entidade.obj
c:\users\bruno\onedrive\documents\github\jogotecnicasprogramacao\jogotecnicasprogramacao\debug\ente.obj
c:\users\bruno\onedrive\documents\github\jogotecnicasprogramacao\jogotecnicasprogramacao\debug\coord.obj
c:\users\bruno\onedrive\documents\github\jogotecnicasprogramacao\jogotecnicasprogramacao\debug\chefao.obj
c:\users\bruno\onedrive\documents\github\jogotecnicasprogramacao\jogotecnicasprogramacao\debug\alienigena.obj
c:\users\bruno\onedrive\documents\github\jogotecnicasprogramacao\jogotecnicasprogramacao\debug\vilgax.obj
c:\users\bruno\onedrive\documents\github\jogotecnicasprogramacao\jogotecnicasprogramacao\debug\rocha.obj
c:\users\bruno\onedrive\documents\github\jogotecnicasprogramacao\jogotecnicasprogramacao\debug\robo.obj
c:\users\bruno\onedrive\documents\github\jogotecnicasprogramacao\jogotecnicasprogramacao\debug\projetil.obj
c:\users\bruno\onedrive\documents\github\jogotecnicasprogramacao\jogotecnicasprogramacao\debug\plataforma.obj
c:\users\bruno\onedrive\documents\github\jogotecnicasprogramacao\jogotecnicasprogramacao\debug\jogotecprog.exe
c:\users\bruno\onedrive\documents\github\jogotecnicasprogramacao\jogotecnicasprogramacao\debug\jogotecprog.ilk
c:\users\bruno\onedrive\documents\github\jogotecnicasprogramacao\jogotecnicasprogramacao\debug\jogotecprog.pdb
c:\users\bruno\onedrive\documents\github\jogotecnicasprogramacao\jogotecnicasprogramacao\debug\coordenadas.obj
c:\users\bruno\onedrive\documents\github\jogotecnicasprogramacao\jogotecnicasprogramacao\debug\gerenciadorcolisoes.obj
c:\users\bruno\onedrive\documents\github\jogotecnicasprogramacao\jogotecnicasprogramacao\debug\inim_atira.obj
c:\users\bruno\onedrive\documents\github\jogotecnicasprogramacao\jogotecnicasprogramacao\debug\inim_simples.obj
c:\users\bruno\onedrive\documents\github\jogotecnicasprogramacao\jogotecnicasprogramacao\debug\obst_dano.obj
c:\users\bruno\onedrive\documents\github\jogotecnicasprogramacao\jogotecnicasprogramacao\debug\obst_simples.obj
c:\users\bruno\onedrive\documents\github\jogotecnicasprogramacao\jogotecnicasprogramacao\debug\gerentecolisoes.obj.enc
c:\users\bruno\onedrive\documents\github\jogotecnicasprogramacao\jogotecnicasprogramacao\debug\jogotecprog.tlog\cl.command.1.tlog
c:\users\bruno\onedrive\documents\github\jogotecnicasprogramacao\jogotecnicasprogramacao\debug\jogotecprog.tlog\cl.read.1.tlog
c:\users\bruno\onedrive\documents\github\jogotecnicasprogramacao\jogotecnicasprogramacao\debug\jogotecprog.tlog\cl.write.1.tlog
c:\users\bruno\onedrive\documents\github\jogotecnicasprogramacao\jogotecnicasprogramacao\debug\jogotecprog.tlog\link.command.1.tlog
c:\users\bruno\onedrive\documents\github\jogotecnicasprogramacao\jogotecnicasprogramacao\debug\jogotecprog.tlog\link.read.1.tlog
c:\users\bruno\onedrive\documents\github\jogotecnicasprogramacao\jogotecnicasprogramacao\debug\jogotecprog.tlog\link.write.1.tlog
