c:\users\bruno\onedrive\documents\github\jogotecnicasprogramacao\jogotecnicasprogramacao\x64\debug\vc142.pdb
c:\users\bruno\onedrive\documents\github\jogotecnicasprogramacao\jogotecnicasprogramacao\x64\debug\vc142.idb
c:\users\bruno\onedrive\documents\github\jogotecnicasprogramacao\jogotecnicasprogramacao\x64\debug\personagem.obj
c:\users\bruno\onedrive\documents\github\jogotecnicasprogramacao\jogotecnicasprogramacao\x64\debug\obstaculo.obj
c:\users\bruno\onedrive\documents\github\jogotecnicasprogramacao\jogotecnicasprogramacao\x64\debug\menu.obj
c:\users\bruno\onedrive\documents\github\jogotecnicasprogramacao\jogotecnicasprogramacao\x64\debug\listaentidades.obj
c:\users\bruno\onedrive\documents\github\jogotecnicasprogramacao\jogotecnicasprogramacao\x64\debug\lista.obj
c:\users\bruno\onedrive\documents\github\jogotecnicasprogramacao\jogotecnicasprogramacao\x64\debug\jogotecprog.obj
c:\users\bruno\onedrive\documents\github\jogotecnicasprogramacao\jogotecnicasprogramacao\x64\debug\jogo.obj
c:\users\bruno\onedrive\documents\github\jogotecnicasprogramacao\jogotecnicasprogramacao\x64\debug\jogador.obj
c:\users\bruno\onedrive\documents\github\jogotecnicasprogramacao\jogotecnicasprogramacao\x64\debug\inimigo.obj
c:\users\bruno\onedrive\documents\github\jogotecnicasprogramacao\jogotecnicasprogramacao\x64\debug\gerentegrafico.obj
c:\users\bruno\onedrive\documents\github\jogotecnicasprogramacao\jogotecnicasprogramacao\x64\debug\gerentecolisoes.obj
c:\users\bruno\onedrive\documents\github\jogotecnicasprogramacao\jogotecnicasprogramacao\x64\debug\fase_segunda.obj
c:\users\bruno\onedrive\documents\github\jogotecnicasprogramacao\jogotecnicasprogramacao\x64\debug\fase_primeira.obj
c:\users\bruno\onedrive\documents\github\jogotecnicasprogramacao\jogotecnicasprogramacao\x64\debug\fase.obj
c:\users\bruno\onedrive\documents\github\jogotecnicasprogramacao\jogotecnicasprogramacao\x64\debug\espinhos.obj
c:\users\bruno\onedrive\documents\github\jogotecnicasprogramacao\jogotecnicasprogramacao\x64\debug\entidade.obj
c:\users\bruno\onedrive\documents\github\jogotecnicasprogramacao\jogotecnicasprogramacao\x64\debug\ente.obj
c:\users\bruno\onedrive\documents\github\jogotecnicasprogramacao\jogotecnicasprogramacao\x64\debug\coord.obj
c:\users\bruno\onedrive\documents\github\jogotecnicasprogramacao\jogotecnicasprogramacao\x64\debug\chefao.obj
c:\users\bruno\onedrive\documents\github\jogotecnicasprogramacao\jogotecnicasprogramacao\x64\debug\alienigena.obj
c:\users\bruno\onedrive\documents\github\jogotecnicasprogramacao\jogotecnicasprogramacao\x64\debug\vilgax.obj
c:\users\bruno\onedrive\documents\github\jogotecnicasprogramacao\jogotecnicasprogramacao\x64\debug\rocha.obj
c:\users\bruno\onedrive\documents\github\jogotecnicasprogramacao\jogotecnicasprogramacao\x64\debug\robo.obj
c:\users\bruno\onedrive\documents\github\jogotecnicasprogramacao\jogotecnicasprogramacao\x64\debug\projetil.obj
c:\users\bruno\onedrive\documents\github\jogotecnicasprogramacao\jogotecnicasprogramacao\x64\debug\plataforma.obj
c:\users\bruno\onedrive\documents\github\jogotecnicasprogramacao\jogotecnicasprogramacao\x64\debug\jogotecprog.pdb
c:\users\bruno\onedrive\documents\github\jogotecnicasprogramacao\jogotecnicasprogramacao\x64\debug\jogotecprog.tlog\cl.command.1.tlog
c:\users\bruno\onedrive\documents\github\jogotecnicasprogramacao\jogotecnicasprogramacao\x64\debug\jogotecprog.tlog\cl.read.1.tlog
c:\users\bruno\onedrive\documents\github\jogotecnicasprogramacao\jogotecnicasprogramacao\x64\debug\jogotecprog.tlog\cl.write.1.tlog
c:\users\bruno\onedrive\documents\github\jogotecnicasprogramacao\jogotecnicasprogramacao\x64\debug\jogotecprog.tlog\link-cvtres.read.1.tlog
c:\users\bruno\onedrive\documents\github\jogotecnicasprogramacao\jogotecnicasprogramacao\x64\debug\jogotecprog.tlog\link-cvtres.write.1.tlog
c:\users\bruno\onedrive\documents\github\jogotecnicasprogramacao\jogotecnicasprogramacao\x64\debug\jogotecprog.tlog\link-rc.read.1.tlog
c:\users\bruno\onedrive\documents\github\jogotecnicasprogramacao\jogotecnicasprogramacao\x64\debug\jogotecprog.tlog\link-rc.write.1.tlog
c:\users\bruno\onedrive\documents\github\jogotecnicasprogramacao\jogotecnicasprogramacao\x64\debug\jogotecprog.tlog\link.command.1.tlog
c:\users\bruno\onedrive\documents\github\jogotecnicasprogramacao\jogotecnicasprogramacao\x64\debug\jogotecprog.tlog\link.read.1.tlog
c:\users\bruno\onedrive\documents\github\jogotecnicasprogramacao\jogotecnicasprogramacao\x64\debug\jogotecprog.tlog\link.write.1.tlog
