  Alienigena.cpp
  Chefao.cpp
  Coord.cpp
  Ente.cpp
  Entidade.cpp
  Espinhos.cpp
  Fase.cpp
  Fase_Primeira.cpp
  Fase_Segunda.cpp
  GerenteColisoes.cpp
  GerenteGrafico.cpp
  Inimigo.cpp
C:\Users\bruno\OneDrive\Documents\GitHub\JogoTecnicasProgramacao\JogoTecnicasProgramacao\Inimigo.cpp(25,12): warning C4244: 'argument': conversion from 'time_t' to 'unsigned int', possible loss of data
C:\Users\bruno\OneDrive\Documents\GitHub\JogoTecnicasProgramacao\JogoTecnicasProgramacao\Inimigo.cpp(36,22): warning C4305: '+=': truncation from 'double' to 'float'
C:\Users\bruno\OneDrive\Documents\GitHub\JogoTecnicasProgramacao\JogoTecnicasProgramacao\Inimigo.cpp(41,22): warning C4305: '-=': truncation from 'double' to 'float'
  Jogador.cpp
C:\Users\bruno\OneDrive\Documents\GitHub\JogoTecnicasProgramacao\JogoTecnicasProgramacao\Jogador.cpp(31,22): warning C4305: '+=': truncation from 'double' to 'float'
C:\Users\bruno\OneDrive\Documents\GitHub\JogoTecnicasProgramacao\JogoTecnicasProgramacao\Jogador.cpp(36,22): warning C4305: '-=': truncation from 'double' to 'float'
C:\Users\bruno\OneDrive\Documents\GitHub\JogoTecnicasProgramacao\JogoTecnicasProgramacao\Jogador.cpp(41,22): warning C4305: '+=': truncation from 'double' to 'float'
C:\Users\bruno\OneDrive\Documents\GitHub\JogoTecnicasProgramacao\JogoTecnicasProgramacao\Jogador.cpp(47,22): warning C4305: '-=': truncation from 'double' to 'float'
  Jogo.cpp
  JogoTecProg.cpp
C:\Users\bruno\OneDrive\Documents\GitHub\JogoTecnicasProgramacao\JogoTecnicasProgramacao\JogoTecProg.cpp(10,15): warning C4244: 'argument': conversion from 'time_t' to 'unsigned int', possible loss of data
  Lista.cpp
  ListaEntidades.cpp
  Menu.cpp
  Obstaculo.cpp
  Personagem.cpp
  Generating Code...
  Compiling...
  Plataforma.cpp
  Projetil.cpp
  Robo.cpp
  Rocha.cpp
  Vilgax.cpp
  Generating Code...
Plataforma.obj : error LNK2019: unresolved external symbol "__declspec(dllimport) public: void __cdecl sf::Transformable::setPosition(class sf::Vector2<float> const &)" (__imp_?setPosition@Transformable@sf@@QEAAXAEBV?$Vector2@M@2@@Z) referenced in function "public: __cdecl Entidades::Obstaculos::Plataforma::Plataforma(void)" (??0Plataforma@Obstaculos@Entidades@@QEAA@XZ)
Robo.obj : error LNK2001: unresolved external symbol "__declspec(dllimport) public: void __cdecl sf::Transformable::setPosition(class sf::Vector2<float> const &)" (__imp_?setPosition@Transformable@sf@@QEAAXAEBV?$Vector2@M@2@@Z)
Rocha.obj : error LNK2001: unresolved external symbol "__declspec(dllimport) public: void __cdecl sf::Transformable::setPosition(class sf::Vector2<float> const &)" (__imp_?setPosition@Transformable@sf@@QEAAXAEBV?$Vector2@M@2@@Z)
Alienigena.obj : error LNK2001: unresolved external symbol "__declspec(dllimport) public: void __cdecl sf::Transformable::setPosition(class sf::Vector2<float> const &)" (__imp_?setPosition@Transformable@sf@@QEAAXAEBV?$Vector2@M@2@@Z)
Espinhos.obj : error LNK2001: unresolved external symbol "__declspec(dllimport) public: void __cdecl sf::Transformable::setPosition(class sf::Vector2<float> const &)" (__imp_?setPosition@Transformable@sf@@QEAAXAEBV?$Vector2@M@2@@Z)
Inimigo.obj : error LNK2001: unresolved external symbol "__declspec(dllimport) public: void __cdecl sf::Transformable::setPosition(class sf::Vector2<float> const &)" (__imp_?setPosition@Transformable@sf@@QEAAXAEBV?$Vector2@M@2@@Z)
Jogador.obj : error LNK2001: unresolved external symbol "__declspec(dllimport) public: void __cdecl sf::Transformable::setPosition(class sf::Vector2<float> const &)" (__imp_?setPosition@Transformable@sf@@QEAAXAEBV?$Vector2@M@2@@Z)
Alienigena.obj : error LNK2019: unresolved external symbol "__declspec(dllimport) public: void __cdecl sf::Shape::setFillColor(class sf::Color const &)" (__imp_?setFillColor@Shape@sf@@QEAAXAEBVColor@2@@Z) referenced in function "public: __cdecl Entidades::Personagens::Alienigena::Alienigena(void)" (??0Alienigena@Personagens@Entidades@@QEAA@XZ)
Inimigo.obj : error LNK2001: unresolved external symbol "__declspec(dllimport) public: void __cdecl sf::Shape::setFillColor(class sf::Color const &)" (__imp_?setFillColor@Shape@sf@@QEAAXAEBVColor@2@@Z)
Plataforma.obj : error LNK2001: unresolved external symbol "__declspec(dllimport) public: void __cdecl sf::Shape::setFillColor(class sf::Color const &)" (__imp_?setFillColor@Shape@sf@@QEAAXAEBVColor@2@@Z)
Robo.obj : error LNK2001: unresolved external symbol "__declspec(dllimport) public: void __cdecl sf::Shape::setFillColor(class sf::Color const &)" (__imp_?setFillColor@Shape@sf@@QEAAXAEBVColor@2@@Z)
Robo.obj : error LNK2019: unresolved external symbol "__declspec(dllimport) public: void __cdecl sf::RectangleShape::setSize(class sf::Vector2<float> const &)" (__imp_?setSize@RectangleShape@sf@@QEAAXAEBV?$Vector2@M@2@@Z) referenced in function "public: __cdecl Entidades::Personagens::Robo::Robo(void)" (??0Robo@Personagens@Entidades@@QEAA@XZ)
Rocha.obj : error LNK2001: unresolved external symbol "__declspec(dllimport) public: void __cdecl sf::RectangleShape::setSize(class sf::Vector2<float> const &)" (__imp_?setSize@RectangleShape@sf@@QEAAXAEBV?$Vector2@M@2@@Z)
Alienigena.obj : error LNK2001: unresolved external symbol "__declspec(dllimport) public: void __cdecl sf::RectangleShape::setSize(class sf::Vector2<float> const &)" (__imp_?setSize@RectangleShape@sf@@QEAAXAEBV?$Vector2@M@2@@Z)
Espinhos.obj : error LNK2001: unresolved external symbol "__declspec(dllimport) public: void __cdecl sf::RectangleShape::setSize(class sf::Vector2<float> const &)" (__imp_?setSize@RectangleShape@sf@@QEAAXAEBV?$Vector2@M@2@@Z)
Jogador.obj : error LNK2001: unresolved external symbol "__declspec(dllimport) public: void __cdecl sf::RectangleShape::setSize(class sf::Vector2<float> const &)" (__imp_?setSize@RectangleShape@sf@@QEAAXAEBV?$Vector2@M@2@@Z)
Plataforma.obj : error LNK2001: unresolved external symbol "__declspec(dllimport) public: void __cdecl sf::RectangleShape::setSize(class sf::Vector2<float> const &)" (__imp_?setSize@RectangleShape@sf@@QEAAXAEBV?$Vector2@M@2@@Z)
Alienigena.obj : error LNK2019: unresolved external symbol "__declspec(dllimport) public: static class sf::Color const sf::Color::White" (__imp_?White@Color@sf@@2V12@B) referenced in function "public: __cdecl Entidades::Personagens::Alienigena::Alienigena(void)" (??0Alienigena@Personagens@Entidades@@QEAA@XZ)
Plataforma.obj : error LNK2001: unresolved external symbol "__declspec(dllimport) public: static class sf::Color const sf::Color::White" (__imp_?White@Color@sf@@2V12@B)
Robo.obj : error LNK2001: unresolved external symbol "__declspec(dllimport) public: static class sf::Color const sf::Color::White" (__imp_?White@Color@sf@@2V12@B)
Ente.obj : error LNK2019: unresolved external symbol "__declspec(dllimport) public: void __cdecl sf::Shape::setTexture(class sf::Texture const *,bool)" (__imp_?setTexture@Shape@sf@@QEAAXPEBVTexture@2@_N@Z) referenced in function "public: virtual void __cdecl Ente::setTextura(char const *)" (?setTextura@Ente@@UEAAXPEBD@Z)
Ente.obj : error LNK2019: unresolved external symbol "__declspec(dllimport) public: __cdecl sf::RectangleShape::RectangleShape(class sf::Vector2<float> const &)" (__imp_??0RectangleShape@sf@@QEAA@AEBV?$Vector2@M@1@@Z) referenced in function "public: __cdecl Ente::Ente(void)" (??0Ente@@QEAA@XZ)
Ente.obj : error LNK2019: unresolved external symbol "__declspec(dllimport) public: virtual __cdecl sf::RectangleShape::~RectangleShape(void)" (__imp_??1RectangleShape@sf@@UEAA@XZ) referenced in function "int `public: __cdecl Ente::Ente(void)'::`1'::dtor$0" (?dtor$0@?0???0Ente@@QEAA@XZ@4HA)
Entidade.obj : error LNK2019: unresolved external symbol "__declspec(dllimport) public: class sf::Vector2<float> const & __cdecl sf::Transformable::getPosition(void)const " (__imp_?getPosition@Transformable@sf@@QEBAAEBV?$Vector2@M@2@XZ) referenced in function "public: __cdecl Entidades::Entidade::Entidade(void)" (??0Entidade@Entidades@@QEAA@XZ)
Entidade.obj : error LNK2019: unresolved external symbol "__declspec(dllimport) public: class sf::Vector2<float> const & __cdecl sf::RectangleShape::getSize(void)const " (__imp_?getSize@RectangleShape@sf@@QEBAAEBV?$Vector2@M@2@XZ) referenced in function "public: __cdecl Entidades::Entidade::Entidade(void)" (??0Entidade@Entidades@@QEAA@XZ)
GerenteGrafico.obj : error LNK2019: unresolved external symbol "__declspec(dllimport) public: float __cdecl sf::Time::asSeconds(void)const " (__imp_?asSeconds@Time@sf@@QEBAMXZ) referenced in function "public: void __cdecl Gerenciadores::GerenteGrafico::updateDeltaTime(void)" (?updateDeltaTime@GerenteGrafico@Gerenciadores@@QEAAXXZ)
Inimigo.obj : error LNK2001: unresolved external symbol "__declspec(dllimport) public: float __cdecl sf::Time::asSeconds(void)const " (__imp_?asSeconds@Time@sf@@QEBAMXZ)
GerenteGrafico.obj : error LNK2019: unresolved external symbol "__declspec(dllimport) public: __cdecl sf::Clock::Clock(void)" (__imp_??0Clock@sf@@QEAA@XZ) referenced in function "private: __cdecl Gerenciadores::GerenteGrafico::GerenteGrafico(void)" (??0GerenteGrafico@Gerenciadores@@AEAA@XZ)
Inimigo.obj : error LNK2001: unresolved external symbol "__declspec(dllimport) public: __cdecl sf::Clock::Clock(void)" (__imp_??0Clock@sf@@QEAA@XZ)
GerenteGrafico.obj : error LNK2019: unresolved external symbol "__declspec(dllimport) public: class sf::Time __cdecl sf::Clock::getElapsedTime(void)const " (__imp_?getElapsedTime@Clock@sf@@QEBA?AVTime@2@XZ) referenced in function "public: void __cdecl Gerenciadores::GerenteGrafico::updateDeltaTime(void)" (?updateDeltaTime@GerenteGrafico@Gerenciadores@@QEAAXXZ)
Inimigo.obj : error LNK2001: unresolved external symbol "__declspec(dllimport) public: class sf::Time __cdecl sf::Clock::getElapsedTime(void)const " (__imp_?getElapsedTime@Clock@sf@@QEBA?AVTime@2@XZ)
GerenteGrafico.obj : error LNK2019: unresolved external symbol "__declspec(dllimport) public: class sf::Time __cdecl sf::Clock::restart(void)" (__imp_?restart@Clock@sf@@QEAA?AVTime@2@XZ) referenced in function "public: void __cdecl Gerenciadores::GerenteGrafico::updateDeltaTime(void)" (?updateDeltaTime@GerenteGrafico@Gerenciadores@@QEAAXXZ)
GerenteGrafico.obj : error LNK2019: unresolved external symbol "__declspec(dllimport) public: __cdecl sf::String::String(char const *,class std::locale const &)" (__imp_??0String@sf@@QEAA@PEBDAEBVlocale@std@@@Z) referenced in function "private: __cdecl Gerenciadores::GerenteGrafico::GerenteGrafico(void)" (??0GerenteGrafico@Gerenciadores@@AEAA@XZ)
GerenteGrafico.obj : error LNK2019: unresolved external symbol "__declspec(dllimport) public: __cdecl sf::String::~String(void)" (__imp_??1String@sf@@QEAA@XZ) referenced in function "private: __cdecl Gerenciadores::GerenteGrafico::GerenteGrafico(void)" (??0GerenteGrafico@Gerenciadores@@AEAA@XZ)
GerenteGrafico.obj : error LNK2019: unresolved external symbol "__declspec(dllimport) public: __cdecl sf::VideoMode::VideoMode(unsigned int,unsigned int,unsigned int)" (__imp_??0VideoMode@sf@@QEAA@III@Z) referenced in function "private: __cdecl Gerenciadores::GerenteGrafico::GerenteGrafico(void)" (??0GerenteGrafico@Gerenciadores@@AEAA@XZ)
GerenteGrafico.obj : error LNK2019: unresolved external symbol "__declspec(dllimport) public: void __cdecl sf::Window::close(void)" (__imp_?close@Window@sf@@QEAAXXZ) referenced in function "public: void __cdecl Gerenciadores::GerenteGrafico::closeWindow(void)" (?closeWindow@GerenteGrafico@Gerenciadores@@QEAAXXZ)
GerenteGrafico.obj : error LNK2019: unresolved external symbol "__declspec(dllimport) public: bool __cdecl sf::Window::isOpen(void)const " (__imp_?isOpen@Window@sf@@QEBA_NXZ) referenced in function "public: bool __cdecl Gerenciadores::GerenteGrafico::isWindowOpen(void)const " (?isWindowOpen@GerenteGrafico@Gerenciadores@@QEBA_NXZ)
GerenteGrafico.obj : error LNK2019: unresolved external symbol "__declspec(dllimport) public: void __cdecl sf::Window::display(void)" (__imp_?display@Window@sf@@QEAAXXZ) referenced in function "public: void __cdecl Gerenciadores::GerenteGrafico::display(void)" (?display@GerenteGrafico@Gerenciadores@@QEAAXXZ)
GerenteGrafico.obj : error LNK2019: unresolved external symbol "__declspec(dllimport) public: __cdecl sf::Color::Color(unsigned char,unsigned char,unsigned char,unsigned char)" (__imp_??0Color@sf@@QEAA@EEEE@Z) referenced in function "public: void __cdecl Gerenciadores::GerenteGrafico::clear(void)" (?clear@GerenteGrafico@Gerenciadores@@QEAAXXZ)
GerenteGrafico.obj : error LNK2019: unresolved external symbol "__declspec(dllimport) public: __cdecl sf::Texture::Texture(void)" (__imp_??0Texture@sf@@QEAA@XZ) referenced in function "public: class sf::Texture * __cdecl Gerenciadores::GerenteGrafico::loadTexture(char const *)" (?loadTexture@GerenteGrafico@Gerenciadores@@QEAAPEAVTexture@sf@@PEBD@Z)
GerenteGrafico.obj : error LNK2019: unresolved external symbol "__declspec(dllimport) public: __cdecl sf::Texture::~Texture(void)" (__imp_??1Texture@sf@@QEAA@XZ) referenced in function "public: void * __cdecl sf::Texture::`scalar deleting destructor'(unsigned int)" (??_GTexture@sf@@QEAAPEAXI@Z)
GerenteGrafico.obj : error LNK2019: unresolved external symbol "__declspec(dllimport) public: bool __cdecl sf::Texture::loadFromFile(class std::basic_string<char,struct std::char_traits<char>,class std::allocator<char> > const &,class sf::Rect<int> const &)" (__imp_?loadFromFile@Texture@sf@@QEAA_NAEBV?$basic_string@DU?$char_traits@D@std@@V?$allocator@D@2@@std@@AEBV?$Rect@H@2@@Z) referenced in function "public: class sf::Texture * __cdecl Gerenciadores::GerenteGrafico::loadTexture(char const *)" (?loadTexture@GerenteGrafico@Gerenciadores@@QEAAPEAVTexture@sf@@PEBD@Z)
GerenteGrafico.obj : error LNK2019: unresolved external symbol "__declspec(dllimport) public: __cdecl sf::Font::Font(void)" (__imp_??0Font@sf@@QEAA@XZ) referenced in function "public: class sf::Font * __cdecl Gerenciadores::GerenteGrafico::getFont(void)" (?getFont@GerenteGrafico@Gerenciadores@@QEAAPEAVFont@sf@@XZ)
GerenteGrafico.obj : error LNK2019: unresolved external symbol "__declspec(dllimport) public: bool __cdecl sf::Font::loadFromFile(class std::basic_string<char,struct std::char_traits<char>,class std::allocator<char> > const &)" (__imp_?loadFromFile@Font@sf@@QEAA_NAEBV?$basic_string@DU?$char_traits@D@std@@V?$allocator@D@2@@std@@@Z) referenced in function "public: class sf::Font * __cdecl Gerenciadores::GerenteGrafico::getFont(void)" (?getFont@GerenteGrafico@Gerenciadores@@QEAAPEAVFont@sf@@XZ)
GerenteGrafico.obj : error LNK2019: unresolved external symbol "__declspec(dllimport) public: __cdecl sf::View::View(class sf::Vector2<float> const &,class sf::Vector2<float> const &)" (__imp_??0View@sf@@QEAA@AEBV?$Vector2@M@1@0@Z) referenced in function "private: __cdecl Gerenciadores::GerenteGrafico::GerenteGrafico(void)" (??0GerenteGrafico@Gerenciadores@@AEAA@XZ)
GerenteGrafico.obj : error LNK2019: unresolved external symbol "__declspec(dllimport) public: void __cdecl sf::View::setCenter(class sf::Vector2<float> const &)" (__imp_?setCenter@View@sf@@QEAAXAEBV?$Vector2@M@2@@Z) referenced in function "public: void __cdecl Gerenciadores::GerenteGrafico::CenterView(class Coord *)" (?CenterView@GerenteGrafico@Gerenciadores@@QEAAXPEAVCoord@@@Z)
GerenteGrafico.obj : error LNK2019: unresolved external symbol "__declspec(dllimport) public: void __cdecl sf::View::setSize(class sf::Vector2<float> const &)" (__imp_?setSize@View@sf@@QEAAXAEBV?$Vector2@M@2@@Z) referenced in function "public: void __cdecl Gerenciadores::GerenteGrafico::handleWindowResize(void)" (?handleWindowResize@GerenteGrafico@Gerenciadores@@QEAAXXZ)
GerenteGrafico.obj : error LNK2019: unresolved external symbol "__declspec(dllimport) public: void __cdecl sf::RenderTarget::clear(class sf::Color const &)" (__imp_?clear@RenderTarget@sf@@QEAAXAEBVColor@2@@Z) referenced in function "public: void __cdecl Gerenciadores::GerenteGrafico::clear(void)" (?clear@GerenteGrafico@Gerenciadores@@QEAAXXZ)
GerenteGrafico.obj : error LNK2019: unresolved external symbol "__declspec(dllimport) public: void __cdecl sf::RenderTarget::setView(class sf::View const &)" (__imp_?setView@RenderTarget@sf@@QEAAXAEBVView@2@@Z) referenced in function "public: void __cdecl Gerenciadores::GerenteGrafico::CenterView(class Coord *)" (?CenterView@GerenteGrafico@Gerenciadores@@QEAAXPEAVCoord@@@Z)
GerenteGrafico.obj : error LNK2019: unresolved external symbol "__declspec(dllimport) public: void __cdecl sf::RenderTarget::draw(class sf::Drawable const &,class sf::RenderStates const &)" (__imp_?draw@RenderTarget@sf@@QEAAXAEBVDrawable@2@AEBVRenderStates@2@@Z) referenced in function "public: void __cdecl Gerenciadores::GerenteGrafico::render(class sf::RectangleShape *)" (?render@GerenteGrafico@Gerenciadores@@QEAAXPEAVRectangleShape@sf@@@Z)
GerenteGrafico.obj : error LNK2019: unresolved external symbol "__declspec(dllimport) public: __cdecl sf::RenderWindow::RenderWindow(class sf::VideoMode,class sf::String const &,unsigned int,struct sf::ContextSettings const &)" (__imp_??0RenderWindow@sf@@QEAA@VVideoMode@1@AEBVString@1@IAEBUContextSettings@1@@Z) referenced in function "private: __cdecl Gerenciadores::GerenteGrafico::GerenteGrafico(void)" (??0GerenteGrafico@Gerenciadores@@AEAA@XZ)
GerenteGrafico.obj : error LNK2019: unresolved external symbol "__declspec(dllimport) public: virtual __cdecl sf::RenderWindow::~RenderWindow(void)" (__imp_??1RenderWindow@sf@@UEAA@XZ) referenced in function "public: virtual void * __cdecl sf::RenderWindow::`scalar deleting destructor'(unsigned int)" (??_GRenderWindow@sf@@UEAAPEAXI@Z)
GerenteGrafico.obj : error LNK2001: unresolved external symbol "public: virtual class sf::Vector2<unsigned int> __cdecl sf::RenderWindow::getSize(void)const " (?getSize@RenderWindow@sf@@UEBA?AV?$Vector2@I@2@XZ)
GerenteGrafico.obj : error LNK2001: unresolved external symbol "protected: virtual void __cdecl sf::RenderWindow::onCreate(void)" (?onCreate@RenderWindow@sf@@MEAAXXZ)
GerenteGrafico.obj : error LNK2001: unresolved external symbol "protected: virtual void __cdecl sf::RenderWindow::onResize(void)" (?onResize@RenderWindow@sf@@MEAAXXZ)
GerenteGrafico.obj : error LNK2001: unresolved external symbol "public: virtual bool __cdecl sf::RenderWindow::setActive(bool)" (?setActive@RenderWindow@sf@@UEAA_N_N@Z)
GerenteGrafico.obj : error LNK2019: unresolved external symbol "__declspec(dllimport) public: static class sf::RenderStates const sf::RenderStates::Default" (__imp_?Default@RenderStates@sf@@2V12@B) referenced in function "public: void __cdecl Gerenciadores::GerenteGrafico::render(class sf::RectangleShape *)" (?render@GerenteGrafico@Gerenciadores@@QEAAXPEAVRectangleShape@sf@@@Z)
Inimigo.obj : error LNK2019: unresolved external symbol "__declspec(dllimport) public: void __cdecl sf::Transformable::move(class sf::Vector2<float> const &)" (__imp_?move@Transformable@sf@@QEAAXAEBV?$Vector2@M@2@@Z) referenced in function "public: void __cdecl Entidades::Personagens::Inimigo::moveAleatorio(void)" (?moveAleatorio@Inimigo@Personagens@Entidades@@QEAAXXZ)
Jogador.obj : error LNK2001: unresolved external symbol "__declspec(dllimport) public: void __cdecl sf::Transformable::move(class sf::Vector2<float> const &)" (__imp_?move@Transformable@sf@@QEAAXAEBV?$Vector2@M@2@@Z)
Inimigo.obj : error LNK2019: unresolved external symbol "__declspec(dllimport) public: static class sf::Color const sf::Color::Magenta" (__imp_?Magenta@Color@sf@@2V12@B) referenced in function "public: __cdecl Entidades::Personagens::Inimigo::Inimigo(void)" (??0Inimigo@Personagens@Entidades@@QEAA@XZ)
Jogador.obj : error LNK2019: unresolved external symbol "__declspec(dllimport) public: static bool __cdecl sf::Keyboard::isKeyPressed(enum sf::Keyboard::Key)" (__imp_?isKeyPressed@Keyboard@sf@@SA_NW4Key@12@@Z) referenced in function "public: void __cdecl Entidades::Personagens::Jogador::mover(void)" (?mover@Jogador@Personagens@Entidades@@QEAAXXZ)
Jogo.obj : error LNK2019: unresolved external symbol "__declspec(dllimport) public: bool __cdecl sf::Window::pollEvent(class sf::Event &)" (__imp_?pollEvent@Window@sf@@QEAA_NAEAVEvent@2@@Z) referenced in function "public: void __cdecl Jogo::exec(void)" (?exec@Jogo@@QEAAXXZ)
C:\Users\bruno\OneDrive\Documents\GitHub\JogoTecnicasProgramacao\JogoTecnicasProgramacao\SFML-2.5.1\lib\sfml-graphics-d.lib : warning LNK4272: library machine type 'x86' conflicts with target machine type 'x64'
C:\Users\bruno\OneDrive\Documents\GitHub\JogoTecnicasProgramacao\JogoTecnicasProgramacao\SFML-2.5.1\lib\sfml-window-d.lib : warning LNK4272: library machine type 'x86' conflicts with target machine type 'x64'
C:\Users\bruno\OneDrive\Documents\GitHub\JogoTecnicasProgramacao\JogoTecnicasProgramacao\SFML-2.5.1\lib\sfml-audio-d.lib : warning LNK4272: library machine type 'x86' conflicts with target machine type 'x64'
C:\Users\bruno\OneDrive\Documents\GitHub\JogoTecnicasProgramacao\JogoTecnicasProgramacao\SFML-2.5.1\lib\sfml-network-d.lib : warning LNK4272: library machine type 'x86' conflicts with target machine type 'x64'
C:\Users\bruno\OneDrive\Documents\GitHub\JogoTecnicasProgramacao\JogoTecnicasProgramacao\SFML-2.5.1\lib\sfml-system-d.lib : warning LNK4272: library machine type 'x86' conflicts with target machine type 'x64'
C:\Users\bruno\OneDrive\Documents\GitHub\JogoTecnicasProgramacao\JogoTecnicasProgramacao\x64\Debug\JogoTecProg.exe : fatal error LNK1120: 42 unresolved externals
